/projects/academic/mshalfon/new74Tsets_Feb2020/antennal_lobe
/projects/academic/mshalfon/new74Tsets_Feb2020/disc.mapping2
/projects/academic/mshalfon/new74Tsets_Feb2020/dorsal_ectoderm.mapping1
/projects/academic/mshalfon/new74Tsets_Feb2020/emb-larv_circulatory_system
/projects/academic/mshalfon/new74Tsets_Feb2020/emb-larv_foregut
/projects/academic/mshalfon/new74Tsets_Feb2020/emb-larval_mushroombody
/projects/academic/mshalfon/new74Tsets_Feb2020/emb-larval_opticlobe
/projects/academic/mshalfon/new74Tsets_Feb2020/embryonic_epidermis
/projects/academic/mshalfon/new74Tsets_Feb2020/embryonic_midgut
/projects/academic/mshalfon/new74Tsets_Feb2020/embryonic_sense_organ
/projects/academic/mshalfon/new74Tsets_Feb2020/eye-antennal_disc
/projects/academic/mshalfon/new74Tsets_Feb2020/fat_body.mapping1
/projects/academic/mshalfon/new74Tsets_Feb2020/female_gonad.mapping1
/projects/academic/mshalfon/new74Tsets_Feb2020/female_reproductive
/projects/academic/mshalfon/new74Tsets_Feb2020/genital_disc
/projects/academic/mshalfon/new74Tsets_Feb2020/haltere_disc
/projects/academic/mshalfon/new74Tsets_Feb2020/leg_disc
/projects/academic/mshalfon/new74Tsets_Feb2020/myoblast
/projects/academic/mshalfon/new74Tsets_Feb2020/pns.mapping1
/projects/academic/mshalfon/new74Tsets_Feb2020/salivary.mapping1
/projects/academic/mshalfon/new74Tsets_Feb2020/ventral_ectoderm.mapping1
/projects/academic/mshalfon/new74Tsets_Feb2020/wing.mapping2
