./adult_circulatory
./adult_foregut
./adult_mesoderm.mapping1
./adult_muscle
./adult_midgut
./adult_pns
./adult_somatic_muscle
./amnioserosa.mapping1
./blastoderm.mapping1
./cardiac.mapping1
./emb-larv_excretory
./emb-larv_fat_body
./emb-larv_hindgut
./embryonic_muscle
./embryonic_somatic_muscle
./embryonic_trachea
./eye_disc
./eye.mapping1
./malpig.mapping1
./mesectoderm.mapping1
./mesoderm.mapping1
./antennal_lobe
./disc.mapping2
./emb-larv_circulatory_system
./emb-larv_foregut
./emb-larv_visceral
./emb-larval_opticlobe
./embryonic_epidermis
./embryonic_midgut
./embryonic_sense_organ
./embryonic_salivary
./fat_body.mapping1
./female_reproductive
./haltere_disc
./leg_disc
./myoblast
./mapping1.dorsal_ectoderm
./mapping1.ectoderm
./mapping2.ectoderm
./mapping1.glia
./mapping2.glia
./mapping2.mesoderm
./mapping1.salivary_gland
./mapping1.somatic_muscle
./mapping1.tracheal_system
./mapping1.ventral_ectoderm
./mapping1.visceral_mesoderm
./mapping2.wing
